<?xml version="1.0" encoding="utf-8"?><testsuites name="pytest tests"><testsuite name="pytest" errors="0" failures="0" skipped="0" tests="5" time="1.088" timestamp="2026-07-27T11:08:30.581012+00:00" hostname="agent-env-a2b93e72-6b3d-4aab-ac70-070f14aa6736"><testcase classname="tests.test_flight_predict.TestHome" name="test_home_200_and_ui_markers" time="0.210" /><testcase classname="tests.test_flight_predict.TestPredict" name="test_predict_normal" time="0.208" /><testcase classname="tests.test_flight_predict.TestPredict" name="test_predict_jet_airways_more_expensive_than_indigo" time="0.179" /><testcase classname="tests.test_flight_predict.TestPredict" name="test_predict_overnight_flight_positive" time="0.094" /><testcase classname="tests.test_flight_predict.TestPredict" name="test_predict_missing_field_returns_error" time="0.136" /></testsuite></testsuites>